C:\USERS\YAVUZ AKşAN\DESKTOP\KINECT_SDK_RESIM_KAYıT\KINECT_SDK_RESIM_KAYıT\DEBUG\SOURCE.OBJ
C:\USERS\YAVUZ AKŞAN\DESKTOP\KINECT_SDK_RESIM_KAYıT\KINECT_SDK_RESIM_KAYıT\DEBUG\VC110.PDB
C:\USERS\YAVUZ AKşAN\DESKTOP\KINECT_SDK_RESIM_KAYıT\DEBUG\KINECT_SDK_RESIM_KAYıT.ILK
C:\USERS\YAVUZ AKşAN\DESKTOP\KINECT_SDK_RESIM_KAYıT\DEBUG\KINECT_SDK_RESIM_KAYıT.EXE
C:\USERS\YAVUZ AKŞAN\DESKTOP\KINECT_SDK_RESIM_KAYıT\DEBUG\KINECT_SDK_RESIM_KAYıT.PDB
C:\Users\Yavuz Akşan\Desktop\kinect_sdk_resim_kayıt\kinect_sdk_resim_kayıt\Debug\Source.obj
C:\Users\Yavuz Akşan\Desktop\kinect_sdk_resim_kayıt\kinect_sdk_resim_kayıt\Debug\cl.command.1.tlog
C:\Users\Yavuz Akşan\Desktop\kinect_sdk_resim_kayıt\kinect_sdk_resim_kayıt\Debug\CL.read.1.tlog
C:\Users\Yavuz Akşan\Desktop\kinect_sdk_resim_kayıt\kinect_sdk_resim_kayıt\Debug\CL.write.1.tlog
C:\Users\Yavuz Akşan\Desktop\kinect_sdk_resim_kayıt\kinect_sdk_resim_kayıt\Debug\link-cvtres.read.1.tlog
C:\Users\Yavuz Akşan\Desktop\kinect_sdk_resim_kayıt\kinect_sdk_resim_kayıt\Debug\link-cvtres.write.1.tlog
C:\Users\Yavuz Akşan\Desktop\kinect_sdk_resim_kayıt\kinect_sdk_resim_kayıt\Debug\link-rc.read.1.tlog
C:\Users\Yavuz Akşan\Desktop\kinect_sdk_resim_kayıt\kinect_sdk_resim_kayıt\Debug\link-rc.write.1.tlog
C:\Users\Yavuz Akşan\Desktop\kinect_sdk_resim_kayıt\kinect_sdk_resim_kayıt\Debug\link.command.1.tlog
C:\Users\Yavuz Akşan\Desktop\kinect_sdk_resim_kayıt\kinect_sdk_resim_kayıt\Debug\link.read.1.tlog
C:\Users\Yavuz Akşan\Desktop\kinect_sdk_resim_kayıt\kinect_sdk_resim_kayıt\Debug\link.write.1.tlog
C:\Users\Yavuz Akşan\Desktop\kinect_sdk_resim_kayıt\kinect_sdk_resim_kayıt\Debug\vc110.idb
C:\Users\Yavuz Akşan\Desktop\kinect_sdk_resim_kayıt\kinect_sdk_resim_kayıt\Debug\vc110.pdb
C:\Users\Yavuz Akşan\Desktop\kinect_sdk_resim_kayıt\Debug\kinect_sdk_resim_kayıt.pdb
C:\Users\Yavuz Akşan\Desktop\kinect_sdk_resim_kayıt\Debug\kinect_sdk_resim_kayıt.exe
C:\Users\Yavuz Akşan\Desktop\kinect_sdk_resim_kayıt\Debug\kinect_sdk_resim_kayıt.ilk
